Rendering to 1024x1024 image
Loaded scene with 3 circles
Loaded scene with 3 circles
---------------------------------------------------------
Initializing CUDA for CudaRenderer
Found 1 CUDA devices
Device 0: Tesla T4
   SMs:        40
   Global mem: 14930 MB
   CUDA Cap:   7.5
---------------------------------------------------------

Running benchmark, 1 frames, beginning at frame 0 ...
Dumping frames to output_xxx.ppm
Copying image data from device
Wrote image file output_0000.ppm
Copying image data from device
***************** Correctness check passed **************************
Clear:    0.1306 ms
Advance:  0.0009 ms
Render:   0.2857 ms
Total:    0.4173 ms
File IO:  81.8211 ms

Overall:  0.1046 sec (note units are seconds)
