Rendering to 1024x1024 image
Loaded scene with 10 circles
Loaded scene with 10 circles
---------------------------------------------------------
Initializing CUDA for CudaRenderer
Found 1 CUDA devices
Device 0: Tesla T4
   SMs:        40
   Global mem: 14930 MB
   CUDA Cap:   7.5
---------------------------------------------------------

Running benchmark, 1 frames, beginning at frame 0 ...
Dumping frames to output_xxx.ppm
time to alloc starting mem: 0.000013
time for bounding circles: 0.000060
time to create flags: 0.000023
time to scan flags: 0.000100
time for exclusive scan: 0.000080
time for get total pairs: 0.000018
time for get repeats final: 0.000027
time to render pixels: 0.000053
Copying image data from device
Wrote image file output_0000.ppm
Copying image data from device
***************** Correctness check passed **************************
Clear:    0.1213 ms
Advance:  0.0173 ms
Render:   0.3926 ms
Total:    0.5312 ms
File IO:  81.9359 ms

Overall:  0.1039 sec (note units are seconds)
