Rendering to 1024x1024 image
Loaded scene with 100000 circles
Loaded scene with 100000 circles
---------------------------------------------------------
Initializing CUDA for CudaRenderer
Found 1 CUDA devices
Device 0: Tesla T4
   SMs:        40
   Global mem: 14930 MB
   CUDA Cap:   7.5
---------------------------------------------------------

Running benchmark, 1 frames, beginning at frame 0 ...
Dumping frames to output_xxx.ppm
time to alloc starting mem: 0.001621
time for bounding circles: 0.005651
time to create flags: 0.000033
time to scan flags: 0.004563
time for exclusive scan: 0.006661
time for get total pairs: 0.000021
time for get repeats final: 0.005257
time to render pixels: 0.000053
Copying image data from device
Wrote image file output_0000.ppm
Copying image data from device
***************** Correctness check passed **************************
Clear:    0.1226 ms
Advance:  0.0782 ms
Render:   29.1724 ms
Total:    29.3731 ms
File IO:  80.6178 ms

Overall:  0.1339 sec (note units are seconds)
