Rendering to 1024x1024 image
Loaded scene with 100000 circles
---------------------------------------------------------
Initializing CUDA for CudaRenderer
Found 1 CUDA devices
Device 0: Tesla T4
   SMs:        40
   Global mem: 14930 MB
   CUDA Cap:   7.5
---------------------------------------------------------
WARNING: You're not running on a fast GPU, please consider using NVIDIA GTX 480, 670 or 780.
---------------------------------------------------------

Running benchmark, 4 frames, beginning at frame 0 ...
Dumping frames to output_xxx.ppm
Copying image data from device
Wrote image file output_0000.ppm
Copying image data from device
Wrote image file output_0001.ppm
Copying image data from device
Wrote image file output_0002.ppm
Copying image data from device
Wrote image file output_0003.ppm
Clear:    0.0959 ms
Advance:  0.0012 ms
Render:   28.4893 ms
Total:    28.5864 ms
File IO:  73.0181 ms

Overall:  0.4065 sec (note units are seconds)
